0 info it worked if it ends with ok
1 verbose cli [ 'C:\\Program Files\\nodejs\\node.exe',
1 verbose cli   'C:\\Program Files\\nodejs\\node_modules\\npm\\bin\\npm-cli.js',
1 verbose cli   'install',
1 verbose cli   '-g',
1 verbose cli   'ios-deploy' ]
2 info using npm@3.10.10
3 info using node@v6.10.0
4 silly loadCurrentTree Starting
5 silly install loadCurrentTree
6 silly install readGlobalPackageData
7 silly fetchPackageMetaData ios-deploy
8 silly fetchNamedPackageData ios-deploy
9 silly mapToRegistry name ios-deploy
10 silly mapToRegistry using default registry
11 silly mapToRegistry registry https://registry.npmjs.org/
12 silly mapToRegistry data Result {
12 silly mapToRegistry   raw: 'ios-deploy',
12 silly mapToRegistry   scope: null,
12 silly mapToRegistry   escapedName: 'ios-deploy',
12 silly mapToRegistry   name: 'ios-deploy',
12 silly mapToRegistry   rawSpec: '',
12 silly mapToRegistry   spec: 'latest',
12 silly mapToRegistry   type: 'tag' }
13 silly mapToRegistry uri https://registry.npmjs.org/ios-deploy
14 verbose request uri https://registry.npmjs.org/ios-deploy
15 verbose request no auth needed
16 info attempt registry request try #1 at 18:11:13
17 verbose request id 3ab39ea491dba045
18 verbose etag W/"589653e6-a556"
19 verbose lastModified Sat, 04 Feb 2017 22:21:26 GMT
20 http request GET https://registry.npmjs.org/ios-deploy
21 http 304 https://registry.npmjs.org/ios-deploy
22 verbose headers { date: 'Sun, 19 Mar 2017 17:11:13 GMT',
22 verbose headers   via: '1.1 varnish',
22 verbose headers   'cache-control': 'max-age=300',
22 verbose headers   etag: 'W/"589653e6-a556"',
22 verbose headers   age: '97',
22 verbose headers   connection: 'keep-alive',
22 verbose headers   'x-served-by': 'cache-hhn1537-HHN',
22 verbose headers   'x-cache': 'HIT',
22 verbose headers   'x-cache-hits': '1',
22 verbose headers   'x-timer': 'S1489943473.763667,VS0,VE0',
22 verbose headers   vary: 'Accept-Encoding' }
23 silly get cb [ 304,
23 silly get   { date: 'Sun, 19 Mar 2017 17:11:13 GMT',
23 silly get     via: '1.1 varnish',
23 silly get     'cache-control': 'max-age=300',
23 silly get     etag: 'W/"589653e6-a556"',
23 silly get     age: '97',
23 silly get     connection: 'keep-alive',
23 silly get     'x-served-by': 'cache-hhn1537-HHN',
23 silly get     'x-cache': 'HIT',
23 silly get     'x-cache-hits': '1',
23 silly get     'x-timer': 'S1489943473.763667,VS0,VE0',
23 silly get     vary: 'Accept-Encoding' } ]
24 verbose etag https://registry.npmjs.org/ios-deploy from cache
25 verbose get saving ios-deploy to C:\Users\Xavier Mercier\AppData\Roaming\npm-cache\registry.npmjs.org\ios-deploy\.cache.json
26 verbose correctMkdir C:\Users\Xavier Mercier\AppData\Roaming\npm-cache correctMkdir not in flight; initializing
27 silly install normalizeTree
28 silly loadCurrentTree Finishing
29 silly loadIdealTree Starting
30 silly install loadIdealTree
31 silly cloneCurrentTree Starting
32 silly install cloneCurrentTreeToIdealTree
33 silly cloneCurrentTree Finishing
34 silly loadShrinkwrap Starting
35 silly install loadShrinkwrap
36 silly loadShrinkwrap Finishing
37 silly loadAllDepsIntoIdealTree Starting
38 silly install loadAllDepsIntoIdealTree
39 silly rollbackFailedOptional Starting
40 silly rollbackFailedOptional Finishing
41 silly runTopLevelLifecycles Finishing
42 silly install printInstalled
43 verbose stack Error: Unsupported platform for ios-deploy@1.9.1: wanted {"name":"ios-deploy","version":"1.9.1","os":["darwin"],"description":"launch iOS apps iOS devices from the command line (Xcode 7)","main":"ios-deploy","scripts":{"preinstall":"./src/scripts/check_reqs.js && xcodebuild","test":"npm run pycompile && npm run jshint && xcodebuild -target ios-deploy-lib && xcodebuild test -scheme ios-deploy-tests","jshint":"node node_modules/jshint/bin/jshint src/scripts/*.js","pycompile":"python -m py_compile src/scripts/*.py"},"bin":{"ios-deploy":"./build/Release/ios-deploy"},"repository":{"type":"git","url":"git+https://github.com/phonegap/ios-deploy.git"},"devDependencies":{"jshint":"2.5.8"},"keywords":["ios-deploy","deploy to iOS device"],"bugs":{"url":"https://github.com/phonegap/ios-deploy/issues"},"author":{"name":"Greg Hughes"},"license":"GPLv3","gitHead":"52018c8cbacc440774bc262f7edb08eaadc642a8","homepage":"https://github.com/phonegap/ios-deploy#readme","_id":"ios-deploy@1.9.1","_shasum":"e7dec9508bb464a1f2d546bb07fada41d2708e66","_from":"ios-deploy","_npmVersion":"3.10.9","_nodeVersion":"6.7.0","_npmUser":{"name":"shazron","email":"shazron@gmail.com"},"dist":{"shasum":"e7dec9508bb464a1f2d546bb07fada41d2708e66","tarball":"https://registry.npmjs.org/ios-deploy/-/ios-deploy-1.9.1.tgz"},"maintainers":[{"name":"shazron","email":"shazron@gmail.com"},{"name":"purplecabbage","email":"purplecabbage@gmail.com"},{"name":"stevegill","email":"stevengill97@gmail.com"}],"_npmOperationalInternal":{"host":"packages-12-west.internal.npmjs.com","tmp":"tmp/ios-deploy-1.9.1.tgz_1485549003982_0.7701364480890334"},"directories":{},"_resolved":"https://registry.npmjs.org/ios-deploy/-/ios-deploy-1.9.1.tgz","_requested":{"raw":"ios-deploy","scope":null,"escapedName":"ios-deploy","name":"ios-deploy","rawSpec":"","spec":"latest","type":"tag"},"_spec":"ios-deploy","_where":"C:\\WebServ\\FixMyCH","_args":[[{"raw":"ios-deploy","scope":null,"escapedName":"ios-deploy","name":"ios-deploy","rawSpec":"","spec":"latest","type":"tag"},"C:\\WebServ\\FixMyCH"]],"readme":"ERROR: No README data found!"} (current: {"os":"win32","cpu":"x64"})
43 verbose stack     at checkPlatform (C:\Program Files\nodejs\node_modules\npm\node_modules\npm-install-checks\index.js:45:14)
43 verbose stack     at thenWarnEngineIssues (C:\Program Files\nodejs\node_modules\npm\lib\install\validate-args.js:41:5)
43 verbose stack     at C:\Program Files\nodejs\node_modules\npm\node_modules\iferr\index.js:13:50
43 verbose stack     at checkEngine (C:\Program Files\nodejs\node_modules\npm\node_modules\npm-install-checks\index.js:10:20)
43 verbose stack     at module.exports.isInstallable (C:\Program Files\nodejs\node_modules\npm\lib\install\validate-args.js:38:3)
43 verbose stack     at Array.<anonymous> (C:\Program Files\nodejs\node_modules\npm\node_modules\slide\lib\bind-actor.js:15:8)
43 verbose stack     at LOOP (C:\Program Files\nodejs\node_modules\npm\node_modules\slide\lib\chain.js:15:14)
43 verbose stack     at C:\Program Files\nodejs\node_modules\npm\node_modules\slide\lib\chain.js:18:7
43 verbose stack     at checkSelf (C:\Program Files\nodejs\node_modules\npm\lib\install\validate-args.js:46:72)
43 verbose stack     at Array.<anonymous> (C:\Program Files\nodejs\node_modules\npm\node_modules\slide\lib\bind-actor.js:15:8)
44 verbose pkgid ios-deploy@1.9.1
45 verbose cwd C:\WebServ\FixMyCH
46 error Windows_NT 10.0.14393
47 error argv "C:\\Program Files\\nodejs\\node.exe" "C:\\Program Files\\nodejs\\node_modules\\npm\\bin\\npm-cli.js" "install" "-g" "ios-deploy"
48 error node v6.10.0
49 error npm  v3.10.10
50 error code EBADPLATFORM
51 error notsup Unsupported platform for ios-deploy@1.9.1: wanted {"os":"darwin","arch":"any"} (current: {"os":"win32","arch":"x64"})
52 error notsup Valid OS:    darwin
52 error notsup Valid Arch:  any
52 error notsup Actual OS:   win32
52 error notsup Actual Arch: x64
53 verbose exit [ 1, true ]
